Build started 8/24/2010 5:07:25 PM.
     1>Project "C:\Users\ninao\Documents\Visual Studio 2010\Projects\cvt_static_lib\CVTLib\CVTLib.vcxproj" on node 2 (build target(s)).
     1>InitializeBuildStatus:
         Creating "Release\CVTLib.unsuccessfulbuild" because "AlwaysCreate" was specified.
       ClCompile:
         All outputs are up-to-date.
       Lib:
         C:\Program Files (x86)\Microsoft Visual Studio 10.0\VC\bin\Lib.exe /OUT:"C:\Users\ninao\Documents\Visual Studio 2010\Projects\thresholding\Release\CVTLib.lib" /LTCG Release\BilateralFilter.obj
         Release\FunctionsLib.obj
         Release\LuAlgorithm.obj
         Release\NinaAlgorithm.obj
         Release\UnitTest.obj
         Microsoft (R) Library Manager Version 10.00.30319.01
         Copyright (C) Microsoft Corporation.  All rights reserved.
         
         "/OUT:C:\Users\ninao\Documents\Visual Studio 2010\Projects\thresholding\Release\CVTLib.lib" /LTCG Release\BilateralFilter.obj 
         Release\FunctionsLib.obj 
         Release\LuAlgorithm.obj 
         Release\NinaAlgorithm.obj 
         Release\UnitTest.obj 
         CVTLib.vcxproj -> C:\Users\ninao\Documents\Visual Studio 2010\Projects\thresholding\Release\CVTLib.lib
       FinalizeBuildStatus:
         Deleting file "Release\CVTLib.unsuccessfulbuild".
         Touching "Release\CVTLib.lastbuildstate".
     1>Done Building Project "C:\Users\ninao\Documents\Visual Studio 2010\Projects\cvt_static_lib\CVTLib\CVTLib.vcxproj" (build target(s)).

Build succeeded.

Time Elapsed 00:00:02.92
